2025-08-06 02:58:02,101 - __main__ - INFO - ============================================================
2025-08-06 02:58:02,102 - __main__ - INFO - PAKISTAN MEDICAL INDUSTRY DRUG DATABASE SCRAPER
2025-08-06 02:58:02,102 - __main__ - INFO - ============================================================
2025-08-06 02:58:02,102 - __main__ - INFO - Started at: 2025-08-06 02:58:02.102743
2025-08-06 02:58:02,102 - __main__ - INFO - Fetching database statistics...
2025-08-06 02:58:02,175 - __main__ - INFO - ========================================
2025-08-06 02:58:02,176 - __main__ - INFO - DATABASE STATISTICS
2025-08-06 02:58:02,176 - __main__ - INFO - ========================================
2025-08-06 02:58:02,178 - __main__ - INFO - Total medicines: 16
2025-08-06 02:58:02,178 - __main__ - INFO - Medicines with images: 10
2025-08-06 02:58:02,179 - __main__ - INFO - Medicines with generic names: 16
2025-08-06 02:58:02,179 - __main__ - INFO - Medicines with listing prices: 0
2025-08-06 02:58:02,179 - __main__ - INFO - Medicines with detail prices: 0
2025-08-06 02:58:02,180 - __main__ - INFO - First record: 2025-08-05 19:36:34.727000
2025-08-06 02:58:02,180 - __main__ - INFO - Last record: 2025-08-06 02:57:36.260000
2025-08-06 02:58:02,180 - __main__ - INFO - ========================================
2025-08-06 02:58:02,181 - __main__ - INFO - ============================================================
2025-08-06 02:58:02,181 - __main__ - INFO - SCRAPER COMPLETED SUCCESSFULLY
2025-08-06 02:58:02,181 - __main__ - INFO - Finished at: 2025-08-06 02:58:02.181684
2025-08-06 02:58:02,181 - __main__ - INFO - ============================================================
