2025-08-06 02:55:48,226 - __main__ - INFO - ============================================================
2025-08-06 02:55:48,227 - __main__ - INFO - PAKISTAN MEDICAL INDUSTRY DRUG DATABASE SCRAPER
2025-08-06 02:55:48,228 - __main__ - INFO - ============================================================
2025-08-06 02:55:48,228 - __main__ - INFO - Started at: 2025-08-06 02:55:48.228472
2025-08-06 02:55:48,228 - __main__ - INFO - Fetching database statistics...
2025-08-06 02:55:48,366 - __main__ - INFO - ========================================
2025-08-06 02:55:48,366 - __main__ - INFO - DATABASE STATISTICS
2025-08-06 02:55:48,367 - __main__ - INFO - ========================================
2025-08-06 02:55:48,369 - __main__ - INFO - Total medicines: 6
2025-08-06 02:55:48,369 - __main__ - INFO - Medicines with images: 3
2025-08-06 02:55:48,370 - __main__ - INFO - Medicines with generic names: 6
2025-08-06 02:55:48,370 - __main__ - INFO - Medicines with listing prices: 0
2025-08-06 02:55:48,370 - __main__ - INFO - Medicines with detail prices: 0
2025-08-06 02:55:48,370 - __main__ - INFO - First record: 2025-08-05 19:36:34.727000
2025-08-06 02:55:48,371 - __main__ - INFO - Last record: 2025-08-05 19:37:14.793000
2025-08-06 02:55:48,371 - __main__ - INFO - ========================================
2025-08-06 02:55:48,371 - __main__ - INFO - ============================================================
2025-08-06 02:55:48,372 - __main__ - INFO - SCRAPER COMPLETED SUCCESSFULLY
2025-08-06 02:55:48,372 - __main__ - INFO - Finished at: 2025-08-06 02:55:48.372678
2025-08-06 02:55:48,373 - __main__ - INFO - ============================================================
